Using pre-set license
Built from '2022.3/staging' branch; Version is '2022.3.38f1 (c5d5a7410213) revision 12965287'; Using compiler version '192829333'; Build Type 'Release'
OS: 'Windows 10  (10.0.19045) 64bit Professional' Language: 'en' Physical Memory: 8072 MB
BatchMode: 1, IsHumanControllingUs: 0, StartBugReporterOnCrash: 0, Is64bit: 1, IsPro: 1

COMMAND LINE ARGUMENTS:
C:\Program Files\Unity\Hub\Editor\2022.3.38f1\Editor\Unity.exe
-adb2
-batchMode
-noUpm
-name
AssetImportWorker0
-projectPath
C:/Users/ZOPHIEL/Unity/Hyper-Racing/Hyper Racing
-logFile
Logs/AssetImportWorker0.log
-srvPort
62724
Successfully changed project path to: C:/Users/ZOPHIEL/Unity/Hyper-Racing/Hyper Racing
C:/Users/ZOPHIEL/Unity/Hyper-Racing/Hyper Racing
[UnityMemory] Configuration Parameters - Can be set up in boot.config
    "memorysetup-bucket-allocator-granularity=16"
    "memorysetup-bucket-allocator-bucket-count=8"
    "memorysetup-bucket-allocator-block-size=33554432"
    "memorysetup-bucket-allocator-block-count=8"
    "memorysetup-main-allocator-block-size=16777216"
    "memorysetup-thread-allocator-block-size=16777216"
    "memorysetup-gfx-main-allocator-block-size=16777216"
    "memorysetup-gfx-thread-allocator-block-size=16777216"
    "memorysetup-cache-allocator-block-size=4194304"
    "memorysetup-typetree-allocator-block-size=2097152"
    "memorysetup-profiler-bucket-allocator-granularity=16"
    "memorysetup-profiler-bucket-allocator-bucket-count=8"
    "memorysetup-profiler-bucket-allocator-block-size=33554432"
    "memorysetup-profiler-bucket-allocator-block-count=8"
    "memorysetup-profiler-allocator-block-size=16777216"
    "memorysetup-profiler-editor-allocator-block-size=1048576"
    "memorysetup-temp-allocator-size-main=16777216"
    "memorysetup-job-temp-allocator-block-size=2097152"
    "memorysetup-job-temp-allocator-block-size-background=1048576"
    "memorysetup-job-temp-allocator-reduction-small-platforms=262144"
    "memorysetup-allocator-temp-initial-block-size-main=262144"
    "memorysetup-allocator-temp-initial-block-size-worker=262144"
    "memorysetup-temp-allocator-size-background-worker=32768"
    "memorysetup-temp-allocator-size-job-worker=262144"
    "memorysetup-temp-allocator-size-preload-manager=33554432"
    "memorysetup-temp-allocator-size-nav-mesh-worker=65536"
    "memorysetup-temp-allocator-size-audio-worker=65536"
    "memorysetup-temp-allocator-size-cloud-worker=32768"
    "memorysetup-temp-allocator-size-gi-baking-worker=262144"
    "memorysetup-temp-allocator-size-gfx=262144"
Player connection [15628]  Target information:

Player connection [15628]  * "[IP] 169.254.81.205 [Port] 0 [Flags] 2 [Guid] 272578726 [EditorId] 272578726 [Version] 1048832 [Id] WindowsEditor(7,DESKTOP-1DTEERE) [Debug] 1 [PackageName] WindowsEditor [ProjectName] Editor" 

Player connection [15628]  * "[IP] 172.20.192.1 [Port] 0 [Flags] 2 [Guid] 272578726 [EditorId] 272578726 [Version] 1048832 [Id] WindowsEditor(7,DESKTOP-1DTEERE) [Debug] 1 [PackageName] WindowsEditor [ProjectName] Editor" 

Player connection [15628] Host joined multi-casting on [225.0.0.222:54997]...
Player connection [15628] Host joined alternative multi-casting on [225.0.0.222:34997]...
[PhysX] Initialized MultithreadedTaskDispatcher with 4 workers.
Refreshing native plugins compatible for Editor in 162.85 ms, found 3 plugins.
Preloading 0 native plugins for Editor in 0.00 ms.
Initialize engine version: 2022.3.38f1 (c5d5a7410213)
[Subsystems] Discovering subsystems at path C:/Program Files/Unity/Hub/Editor/2022.3.38f1/Editor/Data/Resources/UnitySubsystems
[Subsystems] Discovering subsystems at path C:/Users/ZOPHIEL/Unity/Hyper-Racing/Hyper Racing/Assets
GfxDevice: creating device client; threaded=0; jobified=0
Direct3D:
    Version:  Direct3D 11.0 [level 11.1]
    Renderer: Intel(R) HD Graphics 520 (ID=0x1916)
    Vendor:   Intel
    VRAM:     4036 MB
    Driver:   31.0.101.2111
Initialize mono
Mono path[0] = 'C:/Program Files/Unity/Hub/Editor/2022.3.38f1/Editor/Data/Managed'
Mono path[1] = 'C:/Program Files/Unity/Hub/Editor/2022.3.38f1/Editor/Data/MonoBleedingEdge/lib/mono/unityjit-win32'
Mono config path = 'C:/Program Files/Unity/Hub/Editor/2022.3.38f1/Editor/Data/MonoBleedingEdge/etc'
Using monoOptions --debugger-agent=transport=dt_socket,embedding=1,server=y,suspend=n,address=127.0.0.1:56720
Begin MonoManager ReloadAssembly
Registering precompiled unity dll's ...
Register platform support module: C:/Program Files/Unity/Hub/Editor/2022.3.38f1/Editor/Data/PlaybackEngines/AndroidPlayer/UnityEditor.Android.Extensions.dll
Register platform support module: C:/Program Files/Unity/Hub/Editor/2022.3.38f1/Editor/Data/PlaybackEngines/WindowsStandaloneSupport/UnityEditor.WindowsStandalone.Extensions.dll
Registered in 0.033300 seconds.
- Loaded All Assemblies, in  2.387 seconds
Native extension for WindowsStandalone target not found
Native extension for Android target not found
Android Extension - Scanning For ADB Devices 2612 ms
Mono: successfully reloaded assembly
- Finished resetting the current domain, in  6.498 seconds
Domain Reload Profiling: 8883ms
	BeginReloadAssembly (1265ms)
		ExecutionOrderSort (0ms)
		DisableScriptedObjects (0ms)
		BackupInstance (0ms)
		ReleaseScriptingObjects (0ms)
		CreateAndSetChildDomain (6ms)
	RebuildCommonClasses (159ms)
	RebuildNativeTypeToScriptingClass (63ms)
	initialDomainReloadingComplete (214ms)
	LoadAllAssembliesAndSetupDomain (682ms)
		LoadAssemblies (1246ms)
		RebuildTransferFunctionScriptingTraits (0ms)
		AnalyzeDomain (673ms)
			TypeCache.Refresh (666ms)
				TypeCache.ScanAssembly (599ms)
			ScanForSourceGeneratedMonoScriptInfo (2ms)
			ResolveRequiredComponents (3ms)
	FinalizeReload (6500ms)
		ReleaseScriptCaches (0ms)
		RebuildScriptCaches (0ms)
		SetupLoadedEditorAssemblies (6225ms)
			LogAssemblyErrors (0ms)
			InitializePlatformSupportModulesInManaged (3369ms)
			SetLoadedEditorAssemblies (99ms)
			RefreshPlugins (0ms)
			BeforeProcessingInitializeOnLoad (34ms)
			ProcessInitializeOnLoadAttributes (2093ms)
			ProcessInitializeOnLoadMethodAttributes (630ms)
			AfterProcessingInitializeOnLoad (0ms)
			EditorAssembliesLoaded (0ms)
		ExecutionOrderSort2 (0ms)
		AwakeInstancesAfterBackupRestoration (0ms)
========================================================================
Worker process is ready to serve import requests
Begin MonoManager ReloadAssembly
- Loaded All Assemblies, in 43.309 seconds
Refreshing native plugins compatible for Editor in 54.39 ms, found 3 plugins.
Native extension for WindowsStandalone target not found
Native extension for Android target not found
Mono: successfully reloaded assembly
- Finished resetting the current domain, in 77.139 seconds
Domain Reload Profiling: 120505ms
	BeginReloadAssembly (3717ms)
		ExecutionOrderSort (0ms)
		DisableScriptedObjects (290ms)
		BackupInstance (0ms)
		ReleaseScriptingObjects (0ms)
		CreateAndSetChildDomain (318ms)
	RebuildCommonClasses (1176ms)
	RebuildNativeTypeToScriptingClass (214ms)
	initialDomainReloadingComplete (869ms)
	LoadAllAssembliesAndSetupDomain (37293ms)
		LoadAssemblies (15810ms)
		RebuildTransferFunctionScriptingTraits (0ms)
		AnalyzeDomain (24050ms)
			TypeCache.Refresh (22688ms)
				TypeCache.ScanAssembly (8777ms)
			ScanForSourceGeneratedMonoScriptInfo (619ms)
			ResolveRequiredComponents (729ms)
	FinalizeReload (77235ms)
		ReleaseScriptCaches (0ms)
		RebuildScriptCaches (0ms)
		SetupLoadedEditorAssemblies (68424ms)
			LogAssemblyErrors (0ms)
			InitializePlatformSupportModulesInManaged (561ms)
			SetLoadedEditorAssemblies (81ms)
			RefreshPlugins (0ms)
			BeforeProcessingInitializeOnLoad (1825ms)
			ProcessInitializeOnLoadAttributes (63412ms)
			ProcessInitializeOnLoadMethodAttributes (2419ms)
			AfterProcessingInitializeOnLoad (122ms)
			EditorAssembliesLoaded (5ms)
		ExecutionOrderSort2 (0ms)
		AwakeInstancesAfterBackupRestoration (885ms)
Launched and connected shader compiler UnityShaderCompiler.exe after 1.03 seconds
Refreshing native plugins compatible for Editor in 167.82 ms, found 3 plugins.
Preloading 0 native plugins for Editor in 0.00 ms.
Unloading 3138 Unused Serialized files (Serialized files now loaded: 0)
Unloading 34 unused Assets / (57.6 KB). Loaded Objects now: 3601.
Memory consumption went from 124.9 MB to 124.8 MB.
Total: 42.353900 ms (FindLiveObjects: 4.885400 ms CreateObjectMapping: 0.743300 ms MarkObjects: 36.326300 ms  DeleteObjects: 0.395800 ms)

AssetImportParameters requested are different than current active one (requested -> active):
  custom:container-demuxer-ogg: 62fdf1f143b41e24485cea50d1cbac27 -> 
  custom:video-decoder-ogg-theora: a1e56fd34408186e4bbccfd4996cb3dc -> 
  custom:framework-win-MediaFoundation: 216162199b28c13a410421893ffa2e32 -> 
  custom:CustomObjectIndexerAttribute: 9a22284fe3817be447336de3de66b15e -> 
  custom:container-demuxer-webm: 4f35f7cbe854078d1ac9338744f61a02 -> 
  custom:container-muxer-webm: aa71ff27fc2769a1b78a27578f13a17b -> 
  custom:video-decoder-webm-vp8: 9c59270c3fd7afecdb556c50c9e8de78 -> 
  custom:SearchIndexIgnoredProperties: e643bd26f0fe6173181afceb89e7c659 -> 
  custom:AudioImporter_EditorPlatform: d09bf68614088b80899f8185d706f6e7 -> 
  custom:video-encoder-webm-vp8: eb34c28f22e8b96e1ab97ce403110664 -> 
  custom:audio-decoder-ogg-vorbis: bf7c407c2cedff20999df2af8eb42d56 -> 
  custom:audio-encoder-webm-vorbis: bf7c407c2cedff20999df2af8eb42d56 -> 
========================================================================
Received Import Request.
  Time since last request: 260324.403741 seconds.
  path: Assets/Scenes
  artifactKey: Guid(09e4c8ee7f6b3584ea949e3b73a99e4d) Importer(815301076,1909f56bfc062723c751e8b465ee728b)
Start importing Assets/Scenes using Guid(09e4c8ee7f6b3584ea949e3b73a99e4d) Importer(815301076,1909f56bfc062723c751e8b465ee728b) [PhysX] Initialized MultithreadedTaskDispatcher with 4 workers.
 -> (artifact id: 'b441372b2709f63c509249f19171886c') in 0.191411 seconds
Number of updated asset objects reloaded before import = 0
Number of asset objects unloaded after import = 0
